2019-03-20 19:13:46,991 Driver processID:1280 threadID:9240 MainThread log_conf.py [line:71] DEBUG - launch chromedriver
2019-03-20 19:13:50,636 Driver processID:1280 threadID:9240 MainThread log_conf.py [line:71] DEBUG - ('get url: ', 'https://www.ruc.edu.cn/')
2019-03-20 19:13:50,669 Driver processID:1280 threadID:9240 MainThread log_conf.py [line:71] DEBUG - 弹出保护罩
2019-03-20 19:13:52,860 node_display processID:1280 threadID:9240 MainThread log_conf.py [line:71] DEBUG - 中国人民大学	https://www.ruc.edu.cn/	96da486d0bb36fff2725c4c221b686ee	0
2019-03-20 19:13:52,865 Driver processID:1280 threadID:9240 MainThread log_conf.py [line:71] DEBUG - ('get url: ', 'https://www.ruc.edu.cn/')
2019-03-20 19:13:58,386 Driver processID:1280 threadID:9240 MainThread log_conf.py [line:71] DEBUG - ('get url: ', 'http://news.ruc.edu.cn/archives/225411')
2019-03-20 19:14:00,049 Creat Tree processID:1280 threadID:9240 MainThread log_conf.py [line:71] DEBUG - new node:  status_code: 200, url : http://news.ruc.edu.cn/archives/225411 , title: 中国人民大学名誉博士、巴拿马总统巴雷拉会见靳诺书记一行 - 中国人民大学新闻网 | NEWS of RUC
2019-03-20 19:14:00,064 Driver processID:1280 threadID:9240 MainThread log_conf.py [line:71] DEBUG - ('get url: ', 'http://ctd.ruc.edu.cn/')
2019-03-20 19:14:00,719 Creat Tree processID:1280 threadID:9240 MainThread log_conf.py [line:71] DEBUG - new node:  status_code: 200, url : http://ctd.ruc.edu.cn/web/index.php , title: 中国人民大学教师教学发展中心
2019-03-20 19:14:00,747 Driver processID:1280 threadID:9240 MainThread log_conf.py [line:71] DEBUG - ('get url: ', 'http://io.ruc.edu.cn/')
2019-03-20 19:14:01,668 Creat Tree processID:1280 threadID:9240 MainThread log_conf.py [line:71] DEBUG - new node:  status_code: 200, url : http://io.ruc.edu.cn/ , title: 中国人民大学国际交流处|港澳台办公室
2019-03-20 19:14:01,715 Driver processID:1280 threadID:9240 MainThread log_conf.py [line:71] DEBUG - ('get url: ', 'https://www.ruc.edu.cn/intro')
2019-03-20 19:14:03,762 Creat Tree processID:1280 threadID:9240 MainThread log_conf.py [line:71] DEBUG - new node:  status_code: 200, url : https://www.ruc.edu.cn/intro , title: 中国人民大学 | RENMIN UNIVERSITY of CHINA
2019-03-20 19:14:03,762 Driver processID:1280 threadID:9240 MainThread log_conf.py [line:71] DEBUG - ('get url: ', 'https://www.ruc.edu.cn/loadnotice?tid=5&nid=76206')
2019-03-20 19:14:04,986 Creat Tree processID:1280 threadID:9240 MainThread log_conf.py [line:71] DEBUG - new node:  status_code: 200, url : https://www.ruc.edu.cn/loadnotice?tid=5&nid=76206 , title: 中国人民大学 | RENMIN UNIVERSITY of CHINA
2019-03-20 19:14:05,001 Driver processID:1280 threadID:9240 MainThread log_conf.py [line:71] DEBUG - ('get url: ', 'https://www.ruc.edu.cn/loadnotice?tid=5&nid=77512')
2019-03-20 19:14:06,339 Creat Tree processID:1280 threadID:9240 MainThread log_conf.py [line:71] DEBUG - new node:  status_code: 200, url : https://www.ruc.edu.cn/loadnotice?tid=5&nid=77512 , title: 中国人民大学 | RENMIN UNIVERSITY of CHINA
2019-03-20 19:14:06,361 Driver processID:1280 threadID:9240 MainThread log_conf.py [line:71] DEBUG - ('get url: ', 'https://www.ruc.edu.cn/map')
2019-03-20 19:14:07,972 Creat Tree processID:1280 threadID:9240 MainThread log_conf.py [line:71] DEBUG - new node:  status_code: 200, url : https://www.ruc.edu.cn/map , title: 中国人民大学 | RENMIN UNIVERSITY of CHINA
2019-03-20 19:14:07,988 Driver processID:1280 threadID:9240 MainThread log_conf.py [line:71] DEBUG - ('get url: ', 'http://keyan.ruc.edu.cn/Article/ShowClass.asp?ClassID=12')
2019-03-20 19:14:08,746 Creat Tree processID:1280 threadID:9240 MainThread log_conf.py [line:71] DEBUG - new node:  status_code: 200, url : http://keyan.ruc.edu.cn/Article/ShowClass.asp?ClassID=12 , title: 中国人民大学科学研究处 >> 科研平台
2019-03-20 19:14:08,762 Driver processID:1280 threadID:9240 MainThread log_conf.py [line:71] DEBUG - ('get url: ', 'http://service.ruc.edu.cn/')
2019-03-20 19:14:10,352 Creat Tree processID:1280 threadID:9240 MainThread log_conf.py [line:71] DEBUG - new node:  status_code: 200, url : https://v.ruc.edu.cn/account/login?redirect_uri=https%3A%2F%2Fv.ruc.edu.cn%2Foauth2%2Fauthorize%3Fclient_id%3Daccounts.tiup.cn%26redirect_uri%3Dhttps%253A%252F%252Fv.ruc.edu.cn%252Fsso%252Fcallback%253Fschool_code%253Druc%2526theme%253Dschools%2526redirect_uri%253Dhttps%25253A%25252F%25252Fv.ruc.edu.cn%25252Fme%26response_type%3Dcode%26school_code%3Druc%26scope%3Dall%26state%3DseSHa1LnbrI6v_2I%26theme%3Dschools&school_code=ruc , title: 登录 - 中国人民大学
2019-03-20 19:14:10,390 Driver processID:1280 threadID:9240 MainThread log_conf.py [line:71] DEBUG - ('get url: ', 'https://www.ruc.edu.cn/loadnotice?tid=3&nid=77945')
2019-03-20 19:14:11,775 Creat Tree processID:1280 threadID:9240 MainThread log_conf.py [line:71] DEBUG - new node:  status_code: 200, url : https://www.ruc.edu.cn/loadnotice?tid=3&nid=77945 , title: 中国人民大学 | RENMIN UNIVERSITY of CHINA
2019-03-20 19:14:11,807 Driver processID:1280 threadID:9240 MainThread log_conf.py [line:71] DEBUG - ('get url: ', 'https://www.ruc.edu.cn/loadnoticelist?tid=1&lid=1')
2019-03-20 19:14:14,090 Creat Tree processID:1280 threadID:9240 MainThread log_conf.py [line:71] DEBUG - new node:  status_code: 200, url : https://www.ruc.edu.cn/loadnoticelist?tid=1&lid=1 , title: 中国人民大学 | RENMIN UNIVERSITY of CHINA
2019-03-20 19:14:14,121 Driver processID:1280 threadID:9240 MainThread log_conf.py [line:71] DEBUG - ('get url: ', 'https://www.ruc.edu.cn/socialsciences')
2019-03-20 19:14:15,361 Creat Tree processID:1280 threadID:9240 MainThread log_conf.py [line:71] DEBUG - new node:  status_code: 200, url : https://www.ruc.edu.cn/socialsciences , title: 中国人民大学 | RENMIN UNIVERSITY of CHINA
2019-03-20 19:14:15,392 Creat Tree processID:1280 threadID:9240 MainThread log_conf.py [line:71] DEBUG - ('Invalid URL: ', 'https://www.ruc.edu.cn/wp-content/themes/rucweb/css/bgstretcher.css')
2019-03-20 19:14:15,392 Driver processID:1280 threadID:9240 MainThread log_conf.py [line:71] DEBUG - ('get url: ', 'http://news.ruc.edu.cn/2019lh')
2019-03-20 19:14:16,983 Creat Tree processID:1280 threadID:9240 MainThread log_conf.py [line:71] DEBUG - new node:  status_code: 200, url : http://news.ruc.edu.cn/2019lh , title: 2019两会专题 - 中国人民大学新闻网 | NEWS of RUC
2019-03-20 19:14:16,998 Driver processID:1280 threadID:9240 MainThread log_conf.py [line:71] DEBUG - ('get url: ', 'http://peixun.ruc.edu.cn/')
2019-03-20 19:14:18,731 Creat Tree processID:1280 threadID:9240 MainThread log_conf.py [line:71] DEBUG - new node:  status_code: 200, url : http://peixun.ruc.edu.cn/index.php , title: 人大培训网_中国人民大学继续教育处
2019-03-20 19:14:18,777 Driver processID:1280 threadID:9240 MainThread log_conf.py [line:71] DEBUG - ('get url: ', 'http://news.ruc.edu.cn/')
2019-03-20 19:14:21,356 Creat Tree processID:1280 threadID:9240 MainThread log_conf.py [line:71] DEBUG - new node:  status_code: 200, url : http://news.ruc.edu.cn/ , title: 中国人民大学新闻网 | NEWS of RUC
2019-03-20 19:14:21,400 Driver processID:1280 threadID:9240 MainThread log_conf.py [line:71] DEBUG - ('get url: ', 'http://rdjy.ruc.edu.cn/')
2019-03-20 19:14:24,787 Creat Tree processID:1280 threadID:9240 MainThread log_conf.py [line:71] DEBUG - ("It's not an internal school page: ", 'http://rdjy.ruc.edu.cn/')
2019-03-20 19:14:24,802 Driver processID:1280 threadID:9240 MainThread log_conf.py [line:71] DEBUG - ('get url: ', 'https://www.ruc.edu.cn/loadnotice?tid=1&nid=77946')
2019-03-20 19:14:26,192 Creat Tree processID:1280 threadID:9240 MainThread log_conf.py [line:71] DEBUG - new node:  status_code: 200, url : https://www.ruc.edu.cn/loadnotice?tid=1&nid=77946 , title: 中国人民大学 | RENMIN UNIVERSITY of CHINA
2019-03-20 19:14:26,239 Driver processID:1280 threadID:9240 MainThread log_conf.py [line:71] DEBUG - ('get url: ', 'https://www.ruc.edu.cn/sitemap')
2019-03-20 19:14:27,522 Creat Tree processID:1280 threadID:9240 MainThread log_conf.py [line:71] DEBUG - new node:  status_code: 200, url : https://www.ruc.edu.cn/sitemap , title: 中国人民大学 | RENMIN UNIVERSITY of CHINA
2019-03-20 19:14:27,570 Driver processID:1280 threadID:9240 MainThread log_conf.py [line:71] DEBUG - ('get url: ', 'https://www.ruc.edu.cn/en')
2019-03-20 19:14:29,377 Creat Tree processID:1280 threadID:9240 MainThread log_conf.py [line:71] DEBUG - new node:  status_code: 200, url : https://www.ruc.edu.cn/en , title: RENMIN UNIVERSITY of CHINA | 中国人民大学
2019-03-20 19:14:29,424 Creat Tree processID:1280 threadID:9240 MainThread log_conf.py [line:71] DEBUG - ('Invalid URL: ', 'mailto:leader@ruc.edu.cn')
2019-03-20 19:14:29,440 Driver processID:1280 threadID:9240 MainThread log_conf.py [line:71] DEBUG - ('get url: ', 'https://www.ruc.edu.cn/policylist')
2019-03-20 19:14:30,778 Creat Tree processID:1280 threadID:9240 MainThread log_conf.py [line:71] DEBUG - new node:  status_code: 200, url : https://www.ruc.edu.cn/policylist , title: 中国人民大学 | RENMIN UNIVERSITY of CHINA
2019-03-20 19:14:30,793 Driver processID:1280 threadID:9240 MainThread log_conf.py [line:71] DEBUG - ('get url: ', 'http://news.ruc.edu.cn/archives/236711')
2019-03-20 19:14:32,003 Creat Tree processID:1280 threadID:9240 MainThread log_conf.py [line:71] DEBUG - new node:  status_code: 200, url : http://news.ruc.edu.cn/archives/236711 , title: 中国人民大学与浙江省人民政府签署战略合作框架协议 - 中国人民大学新闻网 | NEWS of RUC
2019-03-20 19:14:32,012 Driver processID:1280 threadID:9240 MainThread log_conf.py [line:71] DEBUG - ('get url: ', 'https://www.ruc.edu.cn/resource-guest')
2019-03-20 19:14:33,338 Creat Tree processID:1280 threadID:9240 MainThread log_conf.py [line:71] DEBUG - new node:  status_code: 200, url : https://www.ruc.edu.cn/resource-guest , title: 中国人民大学 | RENMIN UNIVERSITY of CHINA
2019-03-20 19:14:33,369 Driver processID:1280 threadID:9240 MainThread log_conf.py [line:71] DEBUG - ('get url: ', 'http://keyan.ruc.edu.cn/Article/ShowClass.asp?ClassID=9')
2019-03-20 19:14:34,038 Creat Tree processID:1280 threadID:9240 MainThread log_conf.py [line:71] DEBUG - new node:  status_code: 200, url : http://keyan.ruc.edu.cn/Article/ShowClass.asp?ClassID=9 , title: 中国人民大学科学研究处 >> 科研队伍
2019-03-20 19:14:34,088 Driver processID:1280 threadID:9240 MainThread log_conf.py [line:71] DEBUG - ('get url: ', 'https://www.ruc.edu.cn/loadnotice?tid=3&nid=77951')
2019-03-20 19:14:35,369 Creat Tree processID:1280 threadID:9240 MainThread log_conf.py [line:71] DEBUG - new node:  status_code: 200, url : https://www.ruc.edu.cn/loadnotice?tid=3&nid=77951 , title: 中国人民大学 | RENMIN UNIVERSITY of CHINA
2019-03-20 19:14:35,401 Driver processID:1280 threadID:9240 MainThread log_conf.py [line:71] DEBUG - ('get url: ', 'https://www.ruc.edu.cn/loadnotice?tid=4&nid=77702')
2019-03-20 19:14:36,667 Creat Tree processID:1280 threadID:9240 MainThread log_conf.py [line:71] DEBUG - new node:  status_code: 200, url : https://www.ruc.edu.cn/loadnotice?tid=4&nid=77702 , title: 中国人民大学 | RENMIN UNIVERSITY of CHINA
2019-03-20 19:14:36,699 Driver processID:1280 threadID:9240 MainThread log_conf.py [line:71] DEBUG - ('get url: ', 'http://news.ruc.edu.cn/rucjcdj')
2019-03-20 19:14:37,677 Creat Tree processID:1280 threadID:9240 MainThread log_conf.py [line:71] DEBUG - new node:  status_code: 200, url : http://news.ruc.edu.cn/rucjcdj , title: 中国人民大学基层党建专题 - 中国人民大学新闻网 | NEWS of RUC
2019-03-20 19:14:37,725 Driver processID:1280 threadID:9240 MainThread log_conf.py [line:71] DEBUG - ('get url: ', 'https://www.ruc.edu.cn/history')
2019-03-20 19:14:39,068 Creat Tree processID:1280 threadID:9240 MainThread log_conf.py [line:71] DEBUG - new node:  status_code: 200, url : https://www.ruc.edu.cn/history , title: 中国人民大学 | RENMIN UNIVERSITY of CHINA
2019-03-20 19:14:39,099 Driver processID:1280 threadID:9240 MainThread log_conf.py [line:71] DEBUG - ('get url: ', 'https://www.ruc.edu.cn/scienceandtechnology')
2019-03-20 19:14:40,467 Creat Tree processID:1280 threadID:9240 MainThread log_conf.py [line:71] DEBUG - new node:  status_code: 200, url : https://www.ruc.edu.cn/scienceandtechnology , title: 中国人民大学 | RENMIN UNIVERSITY of CHINA
2019-03-20 19:14:40,499 Driver processID:1280 threadID:9240 MainThread log_conf.py [line:71] DEBUG - ('get url: ', 'http://keyan.ruc.edu.cn/Article/ShowClass.asp?ClassID=24')
2019-03-20 19:14:41,273 Creat Tree processID:1280 threadID:9240 MainThread log_conf.py [line:71] DEBUG - new node:  status_code: 200, url : http://keyan.ruc.edu.cn/Article/ShowClass.asp?ClassID=24 , title: 中国人民大学科学研究处 >> 学术期刊
2019-03-20 19:14:41,304 Driver processID:1280 threadID:9240 MainThread log_conf.py [line:71] DEBUG - ('get url: ', 'https://www.ruc.edu.cn/loadnoticelist?tid=4&lid=1')
2019-03-20 19:14:43,822 Creat Tree processID:1280 threadID:9240 MainThread log_conf.py [line:71] DEBUG - new node:  status_code: 200, url : https://www.ruc.edu.cn/loadnoticelist?tid=4&lid=1 , title: 中国人民大学 | RENMIN UNIVERSITY of CHINA
2019-03-20 19:14:43,854 Driver processID:1280 threadID:9240 MainThread log_conf.py [line:71] DEBUG - ('get url: ', 'http://news.ruc.edu.cn/archives/237635')
2019-03-20 19:14:45,105 Creat Tree processID:1280 threadID:9240 MainThread log_conf.py [line:71] DEBUG - new node:  status_code: 200, url : http://news.ruc.edu.cn/archives/237635 , title: 中国人民大学深入学习贯彻习近平总书记在学校思想政治理论课教师座谈会上重要讲话精神 - 中国人民大学新闻网 | NEWS of RUC
2019-03-20 19:14:45,136 Driver processID:1280 threadID:9240 MainThread log_conf.py [line:71] DEBUG - ('get url: ', 'https://www.ruc.edu.cn/loadnoticelist?tid=5&lid=1')
2019-03-20 19:14:47,679 Creat Tree processID:1280 threadID:9240 MainThread log_conf.py [line:71] DEBUG - new node:  status_code: 200, url : https://www.ruc.edu.cn/loadnoticelist?tid=5&lid=1 , title: 中国人民大学 | RENMIN UNIVERSITY of CHINA
2019-03-20 19:14:47,710 Driver processID:1280 threadID:9240 MainThread log_conf.py [line:71] DEBUG - ('get url: ', 'http://news.ruc.edu.cn/archives/237260')
2019-03-20 19:14:48,903 Creat Tree processID:1280 threadID:9240 MainThread log_conf.py [line:71] DEBUG - new node:  status_code: 200, url : http://news.ruc.edu.cn/archives/237260 , title: 中国人民大学与甘肃省人民政府签署省校战略合作协议 - 中国人民大学新闻网 | NEWS of RUC
2019-03-20 19:14:48,947 Driver processID:1280 threadID:9240 MainThread log_conf.py [line:71] DEBUG - ('get url: ', 'https://www.ruc.edu.cn/resource-staff')
2019-03-20 19:14:51,082 Creat Tree processID:1280 threadID:9240 MainThread log_conf.py [line:71] DEBUG - new node:  status_code: 200, url : https://www.ruc.edu.cn/resource-staff , title: 中国人民大学 | RENMIN UNIVERSITY of CHINA
2019-03-20 19:14:51,113 Driver processID:1280 threadID:9240 MainThread log_conf.py [line:71] DEBUG - ('get url: ', 'http://iss.ruc.edu.cn/')
2019-03-20 19:14:51,660 Creat Tree processID:1280 threadID:9240 MainThread log_conf.py [line:71] DEBUG - new node:  status_code: 200, url : http://iss.ruc.edu.cn/ , title: RUC INTERNATIONAL SUMMER SCHOOL
2019-03-20 19:14:51,675 Driver processID:1280 threadID:9240 MainThread log_conf.py [line:71] DEBUG - ('get url: ', 'http://news.ruc.edu.cn/rdqgjy')
2019-03-20 19:14:52,619 Creat Tree processID:1280 threadID:9240 MainThread log_conf.py [line:71] DEBUG - new node:  status_code: 200, url : http://news.ruc.edu.cn/rdqgjy , title: 中国人民大学贯彻落实全国教育大会精神专题 - 中国人民大学新闻网 | NEWS of RUC
2019-03-20 19:14:52,654 Driver processID:1280 threadID:9240 MainThread log_conf.py [line:71] DEBUG - ('get url: ', 'http://v.ruc.edu.cn/')
2019-03-20 19:14:53,740 Creat Tree processID:1280 threadID:9240 MainThread log_conf.py [line:71] DEBUG - new node:  status_code: 200, url : https://v.ruc.edu.cn/account/login?redirect_uri=https%3A%2F%2Fv.ruc.edu.cn%2Foauth2%2Fauthorize%3Fclient_id%3Daccounts.tiup.cn%26redirect_uri%3Dhttps%253A%252F%252Fv.ruc.edu.cn%252Fsso%252Fcallback%253Fschool_code%253Druc%2526theme%253Dschools%2526redirect_uri%253Dhttps%25253A%25252F%25252Fv.ruc.edu.cn%25252Fme%26response_type%3Dcode%26school_code%3Druc%26scope%3Dall%26state%3DJMEBRVCMKYtjYpEY%26theme%3Dschools&school_code=ruc , title: 登录 - 中国人民大学
2019-03-20 19:14:53,771 Driver processID:1280 threadID:9240 MainThread log_conf.py [line:71] DEBUG - ('get url: ', 'https://www.ruc.edu.cn/department')
2019-03-20 19:14:55,251 Creat Tree processID:1280 threadID:9240 MainThread log_conf.py [line:71] DEBUG - new node:  status_code: 200, url : https://www.ruc.edu.cn/department , title: 中国人民大学 | RENMIN UNIVERSITY of CHINA
2019-03-20 19:14:55,282 Driver processID:1280 threadID:9240 MainThread log_conf.py [line:71] DEBUG - ('get url: ', 'https://www.ruc.edu.cn/yellowpage')
2019-03-20 19:14:56,705 Creat Tree processID:1280 threadID:9240 MainThread log_conf.py [line:71] DEBUG - new node:  status_code: 200, url : https://www.ruc.edu.cn/yellowpage , title: 中国人民大学 | RENMIN UNIVERSITY of CHINA
2019-03-20 19:14:56,736 Driver processID:1280 threadID:9240 MainThread log_conf.py [line:71] DEBUG - ('get url: ', 'https://www.ruc.edu.cn/loadnotice?tid=4&nid=77886')
2019-03-20 19:14:58,181 Creat Tree processID:1280 threadID:9240 MainThread log_conf.py [line:71] DEBUG - new node:  status_code: 200, url : https://www.ruc.edu.cn/loadnotice?tid=4&nid=77886 , title: 中国人民大学 | RENMIN UNIVERSITY of CHINA
2019-03-20 19:14:58,213 Driver processID:1280 threadID:9240 MainThread log_conf.py [line:71] DEBUG - ('get url: ', 'https://www.ruc.edu.cn/loadnotice?tid=1&nid=77969')
2019-03-20 19:14:59,480 Creat Tree processID:1280 threadID:9240 MainThread log_conf.py [line:71] DEBUG - new node:  status_code: 200, url : https://www.ruc.edu.cn/loadnotice?tid=1&nid=77969 , title: 中国人民大学 | RENMIN UNIVERSITY of CHINA
2019-03-20 19:14:59,496 Driver processID:1280 threadID:9240 MainThread log_conf.py [line:71] DEBUG - ('get url: ', 'https://www.ruc.edu.cn/loadnotice?tid=4&nid=77732')
2019-03-20 19:15:00,723 Creat Tree processID:1280 threadID:9240 MainThread log_conf.py [line:71] DEBUG - new node:  status_code: 200, url : https://www.ruc.edu.cn/loadnotice?tid=4&nid=77732 , title: 中国人民大学 | RENMIN UNIVERSITY of CHINA
2019-03-20 19:15:00,754 Driver processID:1280 threadID:9240 MainThread log_conf.py [line:71] DEBUG - ('get url: ', 'https://www.ruc.edu.cn/loadnoticelist?tid=3&lid=1')
2019-03-20 19:15:03,068 Creat Tree processID:1280 threadID:9240 MainThread log_conf.py [line:71] DEBUG - new node:  status_code: 200, url : https://www.ruc.edu.cn/loadnoticelist?tid=3&lid=1 , title: 中国人民大学 | RENMIN UNIVERSITY of CHINA
2019-03-20 19:15:03,100 Driver processID:1280 threadID:9240 MainThread log_conf.py [line:71] DEBUG - ('get url: ', 'https://www.ruc.edu.cn/loadnotice?tid=5&nid=76568')
2019-03-20 19:15:04,401 Creat Tree processID:1280 threadID:9240 MainThread log_conf.py [line:71] DEBUG - new node:  status_code: 200, url : https://www.ruc.edu.cn/loadnotice?tid=5&nid=76568 , title: 中国人民大学 | RENMIN UNIVERSITY of CHINA
2019-03-20 19:15:04,417 Driver processID:1280 threadID:9240 MainThread log_conf.py [line:71] DEBUG - ('get url: ', 'http://alumni.ruc.edu.cn/')
2019-03-20 19:15:06,561 Creat Tree processID:1280 threadID:9240 MainThread log_conf.py [line:71] DEBUG - new node:  status_code: 200, url : http://alumni.ruc.edu.cn/ , title: 中国人民大学校友网-中国人民大学校友网
2019-03-20 19:15:06,608 Creat Tree processID:1280 threadID:9240 MainThread log_conf.py [line:71] DEBUG - ('Invalid URL: ', 'https://www.ruc.edu.cn/wp-content/themes/rucweb/images/ruc.ico')
2019-03-20 19:15:06,608 Driver processID:1280 threadID:9240 MainThread log_conf.py [line:71] DEBUG - ('get url: ', 'https://www.ruc.edu.cn/loadnotice?tid=1&nid=77959')
2019-03-20 19:15:08,020 Creat Tree processID:1280 threadID:9240 MainThread log_conf.py [line:71] DEBUG - new node:  status_code: 200, url : https://www.ruc.edu.cn/loadnotice?tid=1&nid=77959 , title: 中国人民大学 | RENMIN UNIVERSITY of CHINA
2019-03-20 19:15:08,057 Driver processID:1280 threadID:9240 MainThread log_conf.py [line:71] DEBUG - ('get url: ', 'http://mail.ruc.edu.cn/')
2019-03-20 19:15:08,819 Creat Tree processID:1280 threadID:9240 MainThread log_conf.py [line:71] DEBUG - new node:  status_code: 200, url : http://mail.ruc.edu.cn/ , title: 邮箱 - 中国人民大学
2019-03-20 19:15:08,851 Creat Tree processID:1280 threadID:9240 MainThread log_conf.py [line:71] DEBUG - ('Invalid URL: ', 'mailto:shuji@ruc.edu.cn')
2019-03-20 19:15:08,851 Driver processID:1280 threadID:9240 MainThread log_conf.py [line:71] DEBUG - ('get url: ', 'http://xxgk.ruc.edu.cn/')
2019-03-20 19:15:10,246 Creat Tree processID:1280 threadID:9240 MainThread log_conf.py [line:71] DEBUG - new node:  status_code: 200, url : http://xxgk.ruc.edu.cn/ , title: 信息公开-中国人民大学 » 信息公开
2019-03-20 19:15:10,275 Driver processID:1280 threadID:9240 MainThread log_conf.py [line:71] DEBUG - ('get url: ', 'https://www.ruc.edu.cn/loadnotice?tid=3&nid=77950')
2019-03-20 19:15:11,624 Creat Tree processID:1280 threadID:9240 MainThread log_conf.py [line:71] DEBUG - new node:  status_code: 200, url : https://www.ruc.edu.cn/loadnotice?tid=3&nid=77950 , title: 中国人民大学 | RENMIN UNIVERSITY of CHINA
2019-03-20 19:15:11,656 Driver processID:1280 threadID:9240 MainThread log_conf.py [line:71] DEBUG - ('get url: ', 'http://news.ruc.edu.cn/archives/236624')
2019-03-20 19:15:12,752 Creat Tree processID:1280 threadID:9240 MainThread log_conf.py [line:71] DEBUG - new node:  status_code: 200, url : http://news.ruc.edu.cn/archives/236624 , title: 中国人民大学新增三位国家“万人计划”入选者 - 中国人民大学新闻网 | NEWS of RUC
2019-03-20 19:15:12,788 Driver processID:1280 threadID:9240 MainThread log_conf.py [line:71] DEBUG - ('get url: ', 'https://www.ruc.edu.cn/loadnotice?tid=5&nid=76553')
2019-03-20 19:15:14,112 Creat Tree processID:1280 threadID:9240 MainThread log_conf.py [line:71] DEBUG - new node:  status_code: 200, url : https://www.ruc.edu.cn/loadnotice?tid=5&nid=76553 , title: 中国人民大学 | RENMIN UNIVERSITY of CHINA
2019-03-20 19:15:14,128 Driver processID:1280 threadID:9240 MainThread log_conf.py [line:71] DEBUG - ('get url: ', 'http://museum.ruc.edu.cn/')
2019-03-20 19:15:14,974 Creat Tree processID:1280 threadID:9240 MainThread log_conf.py [line:71] DEBUG - new node:  status_code: 200, url : http://museum.ruc.edu.cn/ , title: 首页_中国人民大学博物馆
2019-03-20 19:15:15,005 Driver processID:1280 threadID:9240 MainThread log_conf.py [line:71] DEBUG - ('get url: ', 'https://www.ruc.edu.cn/teacherssummary')
2019-03-20 19:15:16,359 Creat Tree processID:1280 threadID:9240 MainThread log_conf.py [line:71] DEBUG - new node:  status_code: 200, url : https://www.ruc.edu.cn/teacherssummary , title: 中国人民大学 | RENMIN UNIVERSITY of CHINA
2019-03-20 19:15:16,390 Driver processID:1280 threadID:9240 MainThread log_conf.py [line:71] DEBUG - ('get url: ', 'https://www.ruc.edu.cn/leaders')
2019-03-20 19:15:17,558 Creat Tree processID:1280 threadID:9240 MainThread log_conf.py [line:71] DEBUG - new node:  status_code: 200, url : https://www.ruc.edu.cn/leaders , title: 中国人民大学 | RENMIN UNIVERSITY of CHINA
2019-03-20 19:15:17,581 Driver processID:1280 threadID:9240 MainThread log_conf.py [line:71] DEBUG - ('get url: ', 'https://www.ruc.edu.cn/loadnotice?tid=5&nid=76756')
2019-03-20 19:15:18,852 Creat Tree processID:1280 threadID:9240 MainThread log_conf.py [line:71] DEBUG - new node:  status_code: 200, url : https://www.ruc.edu.cn/loadnotice?tid=5&nid=76756 , title: 中国人民大学 | RENMIN UNIVERSITY of CHINA
2019-03-20 19:15:18,883 Driver processID:1280 threadID:9240 MainThread log_conf.py [line:71] DEBUG - ('get url: ', 'https://www.ruc.edu.cn/loadnotice?tid=1&nid=77968')
2019-03-20 19:15:20,532 Creat Tree processID:1280 threadID:9240 MainThread log_conf.py [line:71] DEBUG - new node:  status_code: 200, url : https://www.ruc.edu.cn/loadnotice?tid=1&nid=77968 , title: 中国人民大学 | RENMIN UNIVERSITY of CHINA
2019-03-20 19:15:20,563 Driver processID:1280 threadID:9240 MainThread log_conf.py [line:71] DEBUG - ('get url: ', 'https://www.ruc.edu.cn/humanities')
2019-03-20 19:15:21,851 Creat Tree processID:1280 threadID:9240 MainThread log_conf.py [line:71] DEBUG - new node:  status_code: 200, url : https://www.ruc.edu.cn/humanities , title: 中国人民大学 | RENMIN UNIVERSITY of CHINA
2019-03-20 19:15:21,891 Driver processID:1280 threadID:9240 MainThread log_conf.py [line:71] DEBUG - ('get url: ', 'http://news.ruc.edu.cn/archives/236175')
2019-03-20 19:15:23,118 Creat Tree processID:1280 threadID:9240 MainThread log_conf.py [line:71] DEBUG - new node:  status_code: 200, url : http://news.ruc.edu.cn/archives/236175 , title: 中国人民大学举行庆祝“三八”教职工趣味运动会 - 中国人民大学新闻网 | NEWS of RUC
2019-03-20 19:15:23,165 Driver processID:1280 threadID:9240 MainThread log_conf.py [line:71] DEBUG - ('get url: ', 'https://www.ruc.edu.cn/lawandpolitics')
2019-03-20 19:15:24,715 Creat Tree processID:1280 threadID:9240 MainThread log_conf.py [line:71] DEBUG - new node:  status_code: 200, url : https://www.ruc.edu.cn/lawandpolitics , title: 中国人民大学 | RENMIN UNIVERSITY of CHINA
2019-03-20 19:15:24,731 Driver processID:1280 threadID:9240 MainThread log_conf.py [line:71] DEBUG - ('get url: ', 'https://www.ruc.edu.cn/loadnotice?tid=5&nid=77617')
2019-03-20 19:15:26,066 Creat Tree processID:1280 threadID:9240 MainThread log_conf.py [line:71] DEBUG - new node:  status_code: 200, url : https://www.ruc.edu.cn/loadnotice?tid=5&nid=77617 , title: 中国人民大学 | RENMIN UNIVERSITY of CHINA
2019-03-20 19:15:26,113 Driver processID:1280 threadID:9240 MainThread log_conf.py [line:71] DEBUG - ('get url: ', 'http://sae.sina.com.cn/')
2019-03-20 19:15:27,994 Creat Tree processID:1280 threadID:9240 MainThread log_conf.py [line:71] DEBUG - ("It's not an internal school page: ", 'https://api.weibo.com/oauth2/authorize?client_id=2354958370&redirect_uri=https%3A%2F%2Fwww.sinacloud.com%2Fsso%2Fweibo_callback.html%3Fsccb%3Dhttp%253A%252F%252Fsae.sina.com.cn%252F%253Fm%253Duser%2526a%253Dreg_check_login&response_type=code&forcelogin=true')
2019-03-20 19:15:28,009 Driver processID:1280 threadID:9240 MainThread log_conf.py [line:71] DEBUG - ('get url: ', 'https://www.ruc.edu.cn/loadnotice?tid=4&nid=77885')
2019-03-20 19:15:30,357 Creat Tree processID:1280 threadID:9240 MainThread log_conf.py [line:71] DEBUG - new node:  status_code: 200, url : https://www.ruc.edu.cn/loadnotice?tid=4&nid=77885 , title: 中国人民大学 | RENMIN UNIVERSITY of CHINA
2019-03-20 19:15:30,372 Driver processID:1280 threadID:9240 MainThread log_conf.py [line:71] DEBUG - ('get url: ', 'http://news.ruc.edu.cn/archives/233549')
2019-03-20 19:15:31,504 Creat Tree processID:1280 threadID:9240 MainThread log_conf.py [line:71] DEBUG - new node:  status_code: 200, url : http://news.ruc.edu.cn/archives/233549 , title: 中国人民大学工程学科进入ESI全球排名前1% - 中国人民大学新闻网 | NEWS of RUC
2019-03-20 19:15:31,535 Creat Tree processID:1280 threadID:9240 MainThread log_conf.py [line:71] DEBUG - ('Invalid URL: ', 'mailto:web@ruc.edu.cn')
2019-03-20 19:15:31,551 Driver processID:1280 threadID:9240 MainThread log_conf.py [line:71] DEBUG - ('get url: ', 'https://www.ruc.edu.cn/archives/18395')
2019-03-20 19:15:33,163 Creat Tree processID:1280 threadID:9240 MainThread log_conf.py [line:71] DEBUG - new node:  status_code: 200, url : https://www.ruc.edu.cn/archives/18395 , title: 中国人民大学 | RENMIN UNIVERSITY of CHINA
2019-03-20 19:15:33,194 Driver processID:1280 threadID:9240 MainThread log_conf.py [line:71] DEBUG - ('get url: ', 'https://www.ruc.edu.cn/loadnotice?tid=4&nid=77938')
2019-03-20 19:15:34,492 Creat Tree processID:1280 threadID:9240 MainThread log_conf.py [line:71] DEBUG - new node:  status_code: 200, url : https://www.ruc.edu.cn/loadnotice?tid=4&nid=77938 , title: 中国人民大学 | RENMIN UNIVERSITY of CHINA
2019-03-20 19:15:34,538 Creat Tree processID:1280 threadID:9240 MainThread log_conf.py [line:71] DEBUG - ('Invalid URL: ', 'https://www.ruc.edu.cn/wp-content/themes/rucweb/css/style-1.css')
2019-03-20 19:15:34,557 Driver processID:1280 threadID:9240 MainThread log_conf.py [line:71] DEBUG - ('get url: ', 'https://www.ruc.edu.cn/otherschools')
2019-03-20 19:15:35,835 Creat Tree processID:1280 threadID:9240 MainThread log_conf.py [line:71] DEBUG - new node:  status_code: 200, url : https://www.ruc.edu.cn/otherschools , title: 中国人民大学 | RENMIN UNIVERSITY of CHINA
2019-03-20 19:15:35,875 Driver processID:1280 threadID:9240 MainThread log_conf.py [line:71] DEBUG - ('get url: ', 'https://www.ruc.edu.cn/loadnotice?tid=3&nid=77948')
2019-03-20 19:15:37,136 Creat Tree processID:1280 threadID:9240 MainThread log_conf.py [line:71] DEBUG - new node:  status_code: 200, url : https://www.ruc.edu.cn/loadnotice?tid=3&nid=77948 , title: 中国人民大学 | RENMIN UNIVERSITY of CHINA
2019-03-20 19:15:37,152 Driver processID:1280 threadID:9240 MainThread log_conf.py [line:71] DEBUG - ('get url: ', 'https://www.ruc.edu.cn/loadnotice?tid=4&nid=77905')
2019-03-20 19:15:38,461 Creat Tree processID:1280 threadID:9240 MainThread log_conf.py [line:71] DEBUG - new node:  status_code: 200, url : https://www.ruc.edu.cn/loadnotice?tid=4&nid=77905 , title: 中国人民大学 | RENMIN UNIVERSITY of CHINA
2019-03-20 19:15:38,477 Driver processID:1280 threadID:9240 MainThread log_conf.py [line:71] DEBUG - ('get url: ', 'https://www.ruc.edu.cn/loadnotice?tid=3&nid=77946')
2019-03-20 19:15:39,738 Creat Tree processID:1280 threadID:9240 MainThread log_conf.py [line:71] DEBUG - new node:  status_code: 200, url : https://www.ruc.edu.cn/loadnotice?tid=3&nid=77946 , title: 中国人民大学 | RENMIN UNIVERSITY of CHINA
2019-03-20 19:15:39,754 Driver processID:1280 threadID:9240 MainThread log_conf.py [line:71] DEBUG - ('get url: ', 'https://www.ruc.edu.cn/loadnotice?tid=1&nid=77952')
2019-03-20 19:15:40,898 Creat Tree processID:1280 threadID:9240 MainThread log_conf.py [line:71] DEBUG - new node:  status_code: 200, url : https://www.ruc.edu.cn/loadnotice?tid=1&nid=77952 , title: 中国人民大学 | RENMIN UNIVERSITY of CHINA
2019-03-20 19:15:40,930 Driver processID:1280 threadID:9240 MainThread log_conf.py [line:71] DEBUG - ('get url: ', 'https://www.ruc.edu.cn/resource-student')
2019-03-20 19:15:42,172 Creat Tree processID:1280 threadID:9240 MainThread log_conf.py [line:71] DEBUG - new node:  status_code: 200, url : https://www.ruc.edu.cn/resource-student , title: 中国人民大学 | RENMIN UNIVERSITY of CHINA
2019-03-20 19:15:42,187 Driver processID:1280 threadID:9240 MainThread log_conf.py [line:71] DEBUG - ('get url: ', 'http://www.lib.ruc.edu.cn/')
2019-03-20 19:15:44,463 Creat Tree processID:1280 threadID:9240 MainThread log_conf.py [line:71] DEBUG - ("It's not an internal school page: ", 'http://www.lib.ruc.edu.cn/')
2019-03-20 19:15:44,479 Driver processID:1280 threadID:9240 MainThread log_conf.py [line:71] DEBUG - ('get url: ', 'https://www.ruc.edu.cn/documentary')
2019-03-20 19:15:47,151 Creat Tree processID:1280 threadID:9240 MainThread log_conf.py [line:71] DEBUG - new node:  status_code: 200, url : https://www.ruc.edu.cn/documentary , title: 中国人民大学 | RENMIN UNIVERSITY of CHINA
2019-03-20 19:15:47,173 Driver processID:1280 threadID:9240 MainThread log_conf.py [line:71] DEBUG - ('get url: ', 'http://xsc.ruc.edu.cn/')
2019-03-20 19:15:47,964 Creat Tree processID:1280 threadID:9240 MainThread log_conf.py [line:71] DEBUG - new node:  status_code: 200, url : http://xsc.ruc.edu.cn/ , title: 中国人民大学学生处
2019-03-20 19:15:47,979 Driver processID:1280 threadID:9240 MainThread log_conf.py [line:71] DEBUG - ('get url: ', 'https://www.ruc.edu.cn/calendar')
2019-03-20 19:15:49,311 Creat Tree processID:1280 threadID:9240 MainThread log_conf.py [line:71] DEBUG - new node:  status_code: 200, url : https://www.ruc.edu.cn/calendar , title: 中国人民大学 | RENMIN UNIVERSITY of CHINA
2019-03-20 19:15:49,327 Driver processID:1280 threadID:9240 MainThread log_conf.py [line:71] DEBUG - ('get url: ', 'https://www.ruc.edu.cn/loadnotice?tid=3&nid=77949')
2019-03-20 19:15:50,673 Creat Tree processID:1280 threadID:9240 MainThread log_conf.py [line:71] DEBUG - new node:  status_code: 200, url : https://www.ruc.edu.cn/loadnotice?tid=3&nid=77949 , title: 中国人民大学 | RENMIN UNIVERSITY of CHINA
2019-03-20 19:15:50,688 Driver processID:1280 threadID:9240 MainThread log_conf.py [line:71] DEBUG - ('get url: ', 'https://www.ruc.edu.cn/economics')
2019-03-20 19:15:51,912 Creat Tree processID:1280 threadID:9240 MainThread log_conf.py [line:71] DEBUG - new node:  status_code: 200, url : https://www.ruc.edu.cn/economics , title: 中国人民大学 | RENMIN UNIVERSITY of CHINA
2019-03-20 19:15:51,928 Driver processID:1280 threadID:9240 MainThread log_conf.py [line:71] DEBUG - ('get url: ', 'https://www.ruc.edu.cn/loadnotice?tid=1&nid=77956')
2019-03-20 19:15:53,245 Creat Tree processID:1280 threadID:9240 MainThread log_conf.py [line:71] DEBUG - new node:  status_code: 200, url : https://www.ruc.edu.cn/loadnotice?tid=1&nid=77956 , title: 中国人民大学 | RENMIN UNIVERSITY of CHINA
2019-03-20 19:15:53,262 Driver processID:1280 threadID:9240 MainThread log_conf.py [line:71] DEBUG - ('get url: ', 'http://keyan.ruc.edu.cn/Article/ShowClass.asp?ClassID=3')
2019-03-20 19:15:53,932 Creat Tree processID:1280 threadID:9240 MainThread log_conf.py [line:71] DEBUG - new node:  status_code: 200, url : http://keyan.ruc.edu.cn/Article/ShowClass.asp?ClassID=3 , title: 中国人民大学科学研究处 >> 科研动态
2019-03-20 19:15:53,964 Driver processID:1280 threadID:9240 MainThread log_conf.py [line:71] DEBUG - ('get url: ', 'https://www.ruc.edu.cn/#')
2019-03-20 19:15:54,857 Creat Tree processID:1280 threadID:9240 MainThread log_conf.py [line:71] DEBUG - new node:  status_code: 200, url : https://www.ruc.edu.cn/# , title: 中国人民大学 | RENMIN UNIVERSITY of CHINA
2019-03-20 19:15:54,888 Driver processID:1280 threadID:9240 MainThread log_conf.py [line:71] DEBUG - ('get url: ', 'http://news.ruc.edu.cn/archives/223018')
2019-03-20 19:15:56,031 Creat Tree processID:1280 threadID:9240 MainThread log_conf.py [line:71] DEBUG - new node:  status_code: 200, url : http://news.ruc.edu.cn/archives/223018 , title: 中国人民大学47人次入选教育部高等学校教学指导委员会 - 中国人民大学新闻网 | NEWS of RUC
2019-03-20 19:15:56,047 Driver processID:1280 threadID:9240 MainThread log_conf.py [line:71] DEBUG - ('get url: ', 'https://www.ruc.edu.cn/privacy')
2019-03-20 19:15:57,476 Creat Tree processID:1280 threadID:9240 MainThread log_conf.py [line:71] DEBUG - new node:  status_code: 200, url : https://www.ruc.edu.cn/privacy , title: 中国人民大学 | RENMIN UNIVERSITY of CHINA
2019-03-20 19:15:57,491 Creat Tree processID:1280 threadID:9240 MainThread log_conf.py [line:71] DEBUG - ('Invalid URL: ', 'https://www.ruc.edu.cn/wp-content/themes/rucweb/style.css')
2019-03-20 19:15:57,507 Driver processID:1280 threadID:9240 MainThread log_conf.py [line:71] DEBUG - ('get url: ', 'https://www.ruc.edu.cn/undergraduateadmission')
2019-03-20 19:15:58,861 Creat Tree processID:1280 threadID:9240 MainThread log_conf.py [line:71] DEBUG - new node:  status_code: 200, url : https://www.ruc.edu.cn/undergraduateadmission , title: 中国人民大学 | RENMIN UNIVERSITY of CHINA
2019-03-20 19:15:58,892 node_display processID:1280 threadID:9240 MainThread log_conf.py [line:71] DEBUG - 中国人民大学	https://www.ruc.edu.cn/	96da486d0bb36fff2725c4c221b686ee	0
2019-03-20 19:15:58,908 node_display processID:1280 threadID:9240 MainThread log_conf.py [line:71] DEBUG - - - 中国人民大学名誉博士、巴拿马总统巴雷拉会见靳诺书记一行 - 中国人民大学新闻网 | NEWS of RUC	http://news.ruc.edu.cn/archives/225411	71696523d8fea9fce66260c4d0bde65a	1
2019-03-20 19:15:58,923 node_display processID:1280 threadID:9240 MainThread log_conf.py [line:71] DEBUG - - - 中国人民大学教师教学发展中心	http://ctd.ruc.edu.cn/web/index.php	89a0ac6af2c9b58d75ddc04baeed0d48	1
2019-03-20 19:15:58,939 node_display processID:1280 threadID:9240 MainThread log_conf.py [line:71] DEBUG - - - 中国人民大学国际交流处|港澳台办公室	http://io.ruc.edu.cn/	7122a9331c26fee18cc7f2b4748bb252	1
2019-03-20 19:15:58,939 node_display processID:1280 threadID:9240 MainThread log_conf.py [line:71] DEBUG - - - 中国人民大学 | RENMIN UNIVERSITY of CHINA	https://www.ruc.edu.cn/intro	6b7f9cca68f44b5b0255f7142f19260c	1
2019-03-20 19:15:58,939 node_display processID:1280 threadID:9240 MainThread log_conf.py [line:71] DEBUG - - - 中国人民大学 | RENMIN UNIVERSITY of CHINA	https://www.ruc.edu.cn/loadnotice?tid=5&nid=76206	11f74d2a0ea83adb88e269b7529177e7	1
2019-03-20 19:15:58,955 node_display processID:1280 threadID:9240 MainThread log_conf.py [line:71] DEBUG - - - 中国人民大学 | RENMIN UNIVERSITY of CHINA	https://www.ruc.edu.cn/loadnotice?tid=5&nid=77512	91f03a82af041f49b356c6fb92fdcf2e	1
2019-03-20 19:15:58,955 node_display processID:1280 threadID:9240 MainThread log_conf.py [line:71] DEBUG - - - 中国人民大学 | RENMIN UNIVERSITY of CHINA	https://www.ruc.edu.cn/map	3b43cbf57bd587c8a56a4c9940aa5656	1
2019-03-20 19:15:58,970 node_display processID:1280 threadID:9240 MainThread log_conf.py [line:71] DEBUG - - - 中国人民大学科学研究处 >> 科研平台	http://keyan.ruc.edu.cn/Article/ShowClass.asp?ClassID=12	c0f6af441a308a5d08ed528c76e0a976	1
2019-03-20 19:15:58,970 node_display processID:1280 threadID:9240 MainThread log_conf.py [line:71] DEBUG - - - 登录 - 中国人民大学	https://v.ruc.edu.cn/account/login?redirect_uri=https%3A%2F%2Fv.ruc.edu.cn%2Foauth2%2Fauthorize%3Fclient_id%3Daccounts.tiup.cn%26redirect_uri%3Dhttps%253A%252F%252Fv.ruc.edu.cn%252Fsso%252Fcallback%253Fschool_code%253Druc%2526theme%253Dschools%2526redirect_uri%253Dhttps%25253A%25252F%25252Fv.ruc.edu.cn%25252Fme%26response_type%3Dcode%26school_code%3Druc%26scope%3Dall%26state%3DseSHa1LnbrI6v_2I%26theme%3Dschools&school_code=ruc	d9e8b969b00cd4497d5576364b10ee23	1
2019-03-20 19:15:58,970 node_display processID:1280 threadID:9240 MainThread log_conf.py [line:71] DEBUG - - - 中国人民大学 | RENMIN UNIVERSITY of CHINA	https://www.ruc.edu.cn/loadnotice?tid=3&nid=77945	ee623230c82db6831bc5ad6749b2034f	1
2019-03-20 19:15:58,986 node_display processID:1280 threadID:9240 MainThread log_conf.py [line:71] DEBUG - - - 中国人民大学 | RENMIN UNIVERSITY of CHINA	https://www.ruc.edu.cn/loadnoticelist?tid=1&lid=1	53fbf604ed0d001363f051fef580104d	1
2019-03-20 19:15:58,986 node_display processID:1280 threadID:9240 MainThread log_conf.py [line:71] DEBUG - - - 中国人民大学 | RENMIN UNIVERSITY of CHINA	https://www.ruc.edu.cn/socialsciences	edfe207df9cda7094ea304a1a9c38248	1
2019-03-20 19:15:58,986 node_display processID:1280 threadID:9240 MainThread log_conf.py [line:71] DEBUG - - - 2019两会专题 - 中国人民大学新闻网 | NEWS of RUC	http://news.ruc.edu.cn/2019lh	018a456a42da156926e0897ead12c40a	1
2019-03-20 19:15:59,002 node_display processID:1280 threadID:9240 MainThread log_conf.py [line:71] DEBUG - - - 人大培训网_中国人民大学继续教育处	http://peixun.ruc.edu.cn/index.php	c13532b9523eca70b6baa57783fca85a	1
2019-03-20 19:15:59,002 node_display processID:1280 threadID:9240 MainThread log_conf.py [line:71] DEBUG - - - 中国人民大学新闻网 | NEWS of RUC	http://news.ruc.edu.cn/	03346148a968777d49382bafb8ecf315	1
2019-03-20 19:15:59,002 node_display processID:1280 threadID:9240 MainThread log_conf.py [line:71] DEBUG - - - 中国人民大学 | RENMIN UNIVERSITY of CHINA	https://www.ruc.edu.cn/loadnotice?tid=1&nid=77946	2a61ca23f9469c56e39ba3276da1a9ab	1
2019-03-20 19:15:59,017 node_display processID:1280 threadID:9240 MainThread log_conf.py [line:71] DEBUG - - - 中国人民大学 | RENMIN UNIVERSITY of CHINA	https://www.ruc.edu.cn/sitemap	3640bbdc9089c1d1366b9594b6b3ca88	1
2019-03-20 19:15:59,017 node_display processID:1280 threadID:9240 MainThread log_conf.py [line:71] DEBUG - - - RENMIN UNIVERSITY of CHINA | 中国人民大学	https://www.ruc.edu.cn/en	db3dfe9817b010b5564404f031511069	1
2019-03-20 19:15:59,033 node_display processID:1280 threadID:9240 MainThread log_conf.py [line:71] DEBUG - - - 中国人民大学 | RENMIN UNIVERSITY of CHINA	https://www.ruc.edu.cn/policylist	8016d632cb17fc4cc13da9addb47a541	1
2019-03-20 19:15:59,033 node_display processID:1280 threadID:9240 MainThread log_conf.py [line:71] DEBUG - - - 中国人民大学与浙江省人民政府签署战略合作框架协议 - 中国人民大学新闻网 | NEWS of RUC	http://news.ruc.edu.cn/archives/236711	f7b7de5f8cbe1a34817bdc2fd4bebbb9	1
2019-03-20 19:15:59,033 node_display processID:1280 threadID:9240 MainThread log_conf.py [line:71] DEBUG - - - 中国人民大学 | RENMIN UNIVERSITY of CHINA	https://www.ruc.edu.cn/resource-guest	65dc0b40098728082462a09c86589ff4	1
2019-03-20 19:15:59,048 node_display processID:1280 threadID:9240 MainThread log_conf.py [line:71] DEBUG - - - 中国人民大学科学研究处 >> 科研队伍	http://keyan.ruc.edu.cn/Article/ShowClass.asp?ClassID=9	2037fddaf7429b041ebba6f68f168590	1
2019-03-20 19:15:59,048 node_display processID:1280 threadID:9240 MainThread log_conf.py [line:71] DEBUG - - - 中国人民大学 | RENMIN UNIVERSITY of CHINA	https://www.ruc.edu.cn/loadnotice?tid=3&nid=77951	d306ec1a5cb0c5ad37ea6a34aeef7361	1
2019-03-20 19:15:59,048 node_display processID:1280 threadID:9240 MainThread log_conf.py [line:71] DEBUG - - - 中国人民大学 | RENMIN UNIVERSITY of CHINA	https://www.ruc.edu.cn/loadnotice?tid=4&nid=77702	5f8d377b25c9308024fb900bbcf43954	1
2019-03-20 19:15:59,064 node_display processID:1280 threadID:9240 MainThread log_conf.py [line:71] DEBUG - - - 中国人民大学基层党建专题 - 中国人民大学新闻网 | NEWS of RUC	http://news.ruc.edu.cn/rucjcdj	8abb93bcc78432d9de09e447f45cbf96	1
2019-03-20 19:15:59,064 node_display processID:1280 threadID:9240 MainThread log_conf.py [line:71] DEBUG - - - 中国人民大学 | RENMIN UNIVERSITY of CHINA	https://www.ruc.edu.cn/history	78f2b778961d6cf9052ca9c882d0a17b	1
2019-03-20 19:15:59,064 node_display processID:1280 threadID:9240 MainThread log_conf.py [line:71] DEBUG - - - 中国人民大学 | RENMIN UNIVERSITY of CHINA	https://www.ruc.edu.cn/scienceandtechnology	8fb4f885596b1d6b6c39c475ef001e2c	1
2019-03-20 19:15:59,084 node_display processID:1280 threadID:9240 MainThread log_conf.py [line:71] DEBUG - - - 中国人民大学科学研究处 >> 学术期刊	http://keyan.ruc.edu.cn/Article/ShowClass.asp?ClassID=24	3c0183971ff7c00a9c459963b79e23c7	1
2019-03-20 19:15:59,091 node_display processID:1280 threadID:9240 MainThread log_conf.py [line:71] DEBUG - - - 中国人民大学 | RENMIN UNIVERSITY of CHINA	https://www.ruc.edu.cn/loadnoticelist?tid=4&lid=1	485d175319973aee8da4faebcd3ea886	1
2019-03-20 19:15:59,097 node_display processID:1280 threadID:9240 MainThread log_conf.py [line:71] DEBUG - - - 中国人民大学深入学习贯彻习近平总书记在学校思想政治理论课教师座谈会上重要讲话精神 - 中国人民大学新闻网 | NEWS of RUC	http://news.ruc.edu.cn/archives/237635	6c7c863f7ce01de7da3cd1fb6883e7ac	1
2019-03-20 19:15:59,103 node_display processID:1280 threadID:9240 MainThread log_conf.py [line:71] DEBUG - - - 中国人民大学 | RENMIN UNIVERSITY of CHINA	https://www.ruc.edu.cn/loadnoticelist?tid=5&lid=1	3b7c310dc9a6337263f7a12f03dc4374	1
2019-03-20 19:15:59,109 node_display processID:1280 threadID:9240 MainThread log_conf.py [line:71] DEBUG - - - 中国人民大学与甘肃省人民政府签署省校战略合作协议 - 中国人民大学新闻网 | NEWS of RUC	http://news.ruc.edu.cn/archives/237260	cc83bf9a7e8a2b28b6ee4c6007a52f92	1
2019-03-20 19:15:59,113 node_display processID:1280 threadID:9240 MainThread log_conf.py [line:71] DEBUG - - - 中国人民大学 | RENMIN UNIVERSITY of CHINA	https://www.ruc.edu.cn/resource-staff	17f3a08e692abb04298daa613f93a49a	1
2019-03-20 19:15:59,113 node_display processID:1280 threadID:9240 MainThread log_conf.py [line:71] DEBUG - - - RUC INTERNATIONAL SUMMER SCHOOL	http://iss.ruc.edu.cn/	49fc0f9ab0f1e20e190060c97a09ad46	1
2019-03-20 19:15:59,129 node_display processID:1280 threadID:9240 MainThread log_conf.py [line:71] DEBUG - - - 中国人民大学贯彻落实全国教育大会精神专题 - 中国人民大学新闻网 | NEWS of RUC	http://news.ruc.edu.cn/rdqgjy	5c1ab556c4060e32cf5f1a3feb0a188b	1
2019-03-20 19:15:59,129 node_display processID:1280 threadID:9240 MainThread log_conf.py [line:71] DEBUG - - - 登录 - 中国人民大学	https://v.ruc.edu.cn/account/login?redirect_uri=https%3A%2F%2Fv.ruc.edu.cn%2Foauth2%2Fauthorize%3Fclient_id%3Daccounts.tiup.cn%26redirect_uri%3Dhttps%253A%252F%252Fv.ruc.edu.cn%252Fsso%252Fcallback%253Fschool_code%253Druc%2526theme%253Dschools%2526redirect_uri%253Dhttps%25253A%25252F%25252Fv.ruc.edu.cn%25252Fme%26response_type%3Dcode%26school_code%3Druc%26scope%3Dall%26state%3DJMEBRVCMKYtjYpEY%26theme%3Dschools&school_code=ruc	6504bf474a12aaff2c90ef7dcc22b66b	1
2019-03-20 19:15:59,129 node_display processID:1280 threadID:9240 MainThread log_conf.py [line:71] DEBUG - - - 中国人民大学 | RENMIN UNIVERSITY of CHINA	https://www.ruc.edu.cn/department	e778d8547c6be8e1de83ae421c107d23	1
2019-03-20 19:15:59,144 node_display processID:1280 threadID:9240 MainThread log_conf.py [line:71] DEBUG - - - 中国人民大学 | RENMIN UNIVERSITY of CHINA	https://www.ruc.edu.cn/yellowpage	1f60c60511e548abaaca6985390446f5	1
2019-03-20 19:15:59,144 node_display processID:1280 threadID:9240 MainThread log_conf.py [line:71] DEBUG - - - 中国人民大学 | RENMIN UNIVERSITY of CHINA	https://www.ruc.edu.cn/loadnotice?tid=4&nid=77886	95b7503bd4494d9d9c30d0a6d30affcd	1
2019-03-20 19:15:59,144 node_display processID:1280 threadID:9240 MainThread log_conf.py [line:71] DEBUG - - - 中国人民大学 | RENMIN UNIVERSITY of CHINA	https://www.ruc.edu.cn/loadnotice?tid=1&nid=77969	b428a2d478af6507399c2fed85938c13	1
2019-03-20 19:15:59,160 node_display processID:1280 threadID:9240 MainThread log_conf.py [line:71] DEBUG - - - 中国人民大学 | RENMIN UNIVERSITY of CHINA	https://www.ruc.edu.cn/loadnotice?tid=4&nid=77732	5006816b171757f0e6d916e648945c24	1
2019-03-20 19:15:59,160 node_display processID:1280 threadID:9240 MainThread log_conf.py [line:71] DEBUG - - - 中国人民大学 | RENMIN UNIVERSITY of CHINA	https://www.ruc.edu.cn/loadnoticelist?tid=3&lid=1	86ed4b158cb46729af08ae8b7124af56	1
2019-03-20 19:15:59,176 node_display processID:1280 threadID:9240 MainThread log_conf.py [line:71] DEBUG - - - 中国人民大学 | RENMIN UNIVERSITY of CHINA	https://www.ruc.edu.cn/loadnotice?tid=5&nid=76568	aa6ad1c5219d2598d1b9a0d4448ad522	1
2019-03-20 19:15:59,176 node_display processID:1280 threadID:9240 MainThread log_conf.py [line:71] DEBUG - - - 中国人民大学校友网-中国人民大学校友网	http://alumni.ruc.edu.cn/	fbda5126e2c10ccca73ea5fa5ef52929	1
2019-03-20 19:15:59,176 node_display processID:1280 threadID:9240 MainThread log_conf.py [line:71] DEBUG - - - 中国人民大学 | RENMIN UNIVERSITY of CHINA	https://www.ruc.edu.cn/loadnotice?tid=1&nid=77959	950231242295a90a2916139e5a5b1c7f	1
2019-03-20 19:15:59,191 node_display processID:1280 threadID:9240 MainThread log_conf.py [line:71] DEBUG - - - 邮箱 - 中国人民大学	http://mail.ruc.edu.cn/	07048b2b44f17f69a0db49c25bababe9	1
2019-03-20 19:15:59,191 node_display processID:1280 threadID:9240 MainThread log_conf.py [line:71] DEBUG - - - 信息公开-中国人民大学 » 信息公开	http://xxgk.ruc.edu.cn/	3db50637b2001fbe7a69d9f300bee7bd	1
2019-03-20 19:15:59,191 node_display processID:1280 threadID:9240 MainThread log_conf.py [line:71] DEBUG - - - 中国人民大学 | RENMIN UNIVERSITY of CHINA	https://www.ruc.edu.cn/loadnotice?tid=3&nid=77950	52239cde8158eb8264971e1b5e0b2fbf	1
2019-03-20 19:15:59,207 node_display processID:1280 threadID:9240 MainThread log_conf.py [line:71] DEBUG - - - 中国人民大学新增三位国家“万人计划”入选者 - 中国人民大学新闻网 | NEWS of RUC	http://news.ruc.edu.cn/archives/236624	ab5c7177ddf8ceb4db0f344ebbbf9b7d	1
2019-03-20 19:15:59,207 node_display processID:1280 threadID:9240 MainThread log_conf.py [line:71] DEBUG - - - 中国人民大学 | RENMIN UNIVERSITY of CHINA	https://www.ruc.edu.cn/loadnotice?tid=5&nid=76553	c6547c721b1c232392d45efd4399e095	1
2019-03-20 19:15:59,223 node_display processID:1280 threadID:9240 MainThread log_conf.py [line:71] DEBUG - - - 首页_中国人民大学博物馆	http://museum.ruc.edu.cn/	81b1f0060a75f7999eb9b80d3d3644a3	1
2019-03-20 19:15:59,223 node_display processID:1280 threadID:9240 MainThread log_conf.py [line:71] DEBUG - - - 中国人民大学 | RENMIN UNIVERSITY of CHINA	https://www.ruc.edu.cn/teacherssummary	5b92ce84c35c22704522c517522e8d37	1
2019-03-20 19:15:59,223 node_display processID:1280 threadID:9240 MainThread log_conf.py [line:71] DEBUG - - - 中国人民大学 | RENMIN UNIVERSITY of CHINA	https://www.ruc.edu.cn/leaders	be2480d727260f6e365c79933452079b	1
2019-03-20 19:15:59,238 node_display processID:1280 threadID:9240 MainThread log_conf.py [line:71] DEBUG - - - 中国人民大学 | RENMIN UNIVERSITY of CHINA	https://www.ruc.edu.cn/loadnotice?tid=5&nid=76756	1e010155758502e02699065259f294c6	1
2019-03-20 19:15:59,238 node_display processID:1280 threadID:9240 MainThread log_conf.py [line:71] DEBUG - - - 中国人民大学 | RENMIN UNIVERSITY of CHINA	https://www.ruc.edu.cn/loadnotice?tid=1&nid=77968	9f0f42542e595c2cc9c40f9ea610008a	1
2019-03-20 19:15:59,238 node_display processID:1280 threadID:9240 MainThread log_conf.py [line:71] DEBUG - - - 中国人民大学 | RENMIN UNIVERSITY of CHINA	https://www.ruc.edu.cn/humanities	af374db147b2aec91c9072078bcdc30d	1
2019-03-20 19:15:59,254 node_display processID:1280 threadID:9240 MainThread log_conf.py [line:71] DEBUG - - - 中国人民大学举行庆祝“三八”教职工趣味运动会 - 中国人民大学新闻网 | NEWS of RUC	http://news.ruc.edu.cn/archives/236175	e999f7fb7559718e5ba7a54211998d46	1
2019-03-20 19:15:59,254 node_display processID:1280 threadID:9240 MainThread log_conf.py [line:71] DEBUG - - - 中国人民大学 | RENMIN UNIVERSITY of CHINA	https://www.ruc.edu.cn/lawandpolitics	eb8db4a43dd106fba83bc6264d2f7621	1
2019-03-20 19:15:59,254 node_display processID:1280 threadID:9240 MainThread log_conf.py [line:71] DEBUG - - - 中国人民大学 | RENMIN UNIVERSITY of CHINA	https://www.ruc.edu.cn/loadnotice?tid=5&nid=77617	ed127ba3395cda0139559de2ad21dffd	1
2019-03-20 19:15:59,269 node_display processID:1280 threadID:9240 MainThread log_conf.py [line:71] DEBUG - - - 中国人民大学 | RENMIN UNIVERSITY of CHINA	https://www.ruc.edu.cn/loadnotice?tid=4&nid=77885	9dd190e594c5103b95cc4542279830dd	1
2019-03-20 19:15:59,269 node_display processID:1280 threadID:9240 MainThread log_conf.py [line:71] DEBUG - - - 中国人民大学工程学科进入ESI全球排名前1% - 中国人民大学新闻网 | NEWS of RUC	http://news.ruc.edu.cn/archives/233549	b8a13489166ca9046d7444d678130bef	1
2019-03-20 19:15:59,285 node_display processID:1280 threadID:9240 MainThread log_conf.py [line:71] DEBUG - - - 中国人民大学 | RENMIN UNIVERSITY of CHINA	https://www.ruc.edu.cn/archives/18395	1866bd52474e51fb7f314471706d7727	1
2019-03-20 19:15:59,285 node_display processID:1280 threadID:9240 MainThread log_conf.py [line:71] DEBUG - - - 中国人民大学 | RENMIN UNIVERSITY of CHINA	https://www.ruc.edu.cn/loadnotice?tid=4&nid=77938	f170b8eb613c8f42622b31c4a20553be	1
2019-03-20 19:15:59,285 node_display processID:1280 threadID:9240 MainThread log_conf.py [line:71] DEBUG - - - 中国人民大学 | RENMIN UNIVERSITY of CHINA	https://www.ruc.edu.cn/otherschools	16dfccc21f408d2f26b23ed96e87b10d	1
2019-03-20 19:15:59,301 node_display processID:1280 threadID:9240 MainThread log_conf.py [line:71] DEBUG - - - 中国人民大学 | RENMIN UNIVERSITY of CHINA	https://www.ruc.edu.cn/loadnotice?tid=3&nid=77948	a44a5efeb48b9395d7aa28f295257eac	1
2019-03-20 19:15:59,301 node_display processID:1280 threadID:9240 MainThread log_conf.py [line:71] DEBUG - - - 中国人民大学 | RENMIN UNIVERSITY of CHINA	https://www.ruc.edu.cn/loadnotice?tid=4&nid=77905	c79f405106de0d90c9bb92965a3a9f6d	1
2019-03-20 19:15:59,316 node_display processID:1280 threadID:9240 MainThread log_conf.py [line:71] DEBUG - - - 中国人民大学 | RENMIN UNIVERSITY of CHINA	https://www.ruc.edu.cn/loadnotice?tid=3&nid=77946	891a53889a7e242aa8c0e01617293eba	1
2019-03-20 19:15:59,322 node_display processID:1280 threadID:9240 MainThread log_conf.py [line:71] DEBUG - - - 中国人民大学 | RENMIN UNIVERSITY of CHINA	https://www.ruc.edu.cn/loadnotice?tid=1&nid=77952	3002f55e9a883432e5df39e4895b3102	1
2019-03-20 19:15:59,328 node_display processID:1280 threadID:9240 MainThread log_conf.py [line:71] DEBUG - - - 中国人民大学 | RENMIN UNIVERSITY of CHINA	https://www.ruc.edu.cn/resource-student	49459996332165625af0ac2004f5a5bb	1
2019-03-20 19:15:59,334 node_display processID:1280 threadID:9240 MainThread log_conf.py [line:71] DEBUG - - - 中国人民大学 | RENMIN UNIVERSITY of CHINA	https://www.ruc.edu.cn/documentary	d3ca45b05605eb1592754bbb08e5ac74	1
2019-03-20 19:15:59,340 node_display processID:1280 threadID:9240 MainThread log_conf.py [line:71] DEBUG - - - 中国人民大学学生处	http://xsc.ruc.edu.cn/	1f1af39d7a1b9270a6215c22821b5e4c	1
2019-03-20 19:15:59,345 node_display processID:1280 threadID:9240 MainThread log_conf.py [line:71] DEBUG - - - 中国人民大学 | RENMIN UNIVERSITY of CHINA	https://www.ruc.edu.cn/calendar	cffeebc12d3c7fca1e7b36c3518b5386	1
2019-03-20 19:15:59,346 node_display processID:1280 threadID:9240 MainThread log_conf.py [line:71] DEBUG - - - 中国人民大学 | RENMIN UNIVERSITY of CHINA	https://www.ruc.edu.cn/loadnotice?tid=3&nid=77949	bb70827aa2ec89298d02aa5deaf054eb	1
2019-03-20 19:15:59,346 node_display processID:1280 threadID:9240 MainThread log_conf.py [line:71] DEBUG - - - 中国人民大学 | RENMIN UNIVERSITY of CHINA	https://www.ruc.edu.cn/economics	a2183f120e0dd48a735b24ab2e4b3353	1
2019-03-20 19:15:59,346 node_display processID:1280 threadID:9240 MainThread log_conf.py [line:71] DEBUG - - - 中国人民大学 | RENMIN UNIVERSITY of CHINA	https://www.ruc.edu.cn/loadnotice?tid=1&nid=77956	ccc2cee0b967af03a1cd0ab8ed341565	1
2019-03-20 19:15:59,361 node_display processID:1280 threadID:9240 MainThread log_conf.py [line:71] DEBUG - - - 中国人民大学科学研究处 >> 科研动态	http://keyan.ruc.edu.cn/Article/ShowClass.asp?ClassID=3	8d9919122086efa978297d6d06ccfb06	1
2019-03-20 19:15:59,361 node_display processID:1280 threadID:9240 MainThread log_conf.py [line:71] DEBUG - - - 中国人民大学 | RENMIN UNIVERSITY of CHINA	https://www.ruc.edu.cn/#	74227a539bdeba01b412e55a5d50a7cf	1
2019-03-20 19:15:59,377 node_display processID:1280 threadID:9240 MainThread log_conf.py [line:71] DEBUG - - - 中国人民大学47人次入选教育部高等学校教学指导委员会 - 中国人民大学新闻网 | NEWS of RUC	http://news.ruc.edu.cn/archives/223018	8b35cd55b5abcaab5c24dd7dea86e594	1
2019-03-20 19:15:59,377 node_display processID:1280 threadID:9240 MainThread log_conf.py [line:71] DEBUG - - - 中国人民大学 | RENMIN UNIVERSITY of CHINA	https://www.ruc.edu.cn/privacy	b5329156e1b7b07da9d6a73e7f5633b9	1
2019-03-20 19:15:59,377 node_display processID:1280 threadID:9240 MainThread log_conf.py [line:71] DEBUG - - - 中国人民大学 | RENMIN UNIVERSITY of CHINA	https://www.ruc.edu.cn/undergraduateadmission	2698208b1ccb8609335022a1f47abc33	1
2019-03-20 19:15:59,393 Driver processID:1280 threadID:9240 MainThread log_conf.py [line:71] DEBUG - ('get url: ', 'http://news.ruc.edu.cn/archives/225411')
2019-03-20 19:16:05,542 Driver processID:1280 threadID:9240 MainThread log_conf.py [line:71] DEBUG - ('get url: ', 'http://news.ruc.edu.cn/archives/category/important_news/exchange')
2019-03-20 19:16:07,463 Creat Tree processID:1280 threadID:9240 MainThread log_conf.py [line:71] DEBUG - new node:  status_code: 200, url : http://news.ruc.edu.cn/archives/category/important_news/exchange , title: 交流 - 中国人民大学新闻网 | NEWS of RUC
2019-03-20 19:16:07,510 Driver processID:1280 threadID:9240 MainThread log_conf.py [line:71] DEBUG - ('get url: ', 'http://news.ruc.edu.cn/archives/category/important_news/students')
2019-03-20 19:16:10,195 Creat Tree processID:1280 threadID:9240 MainThread log_conf.py [line:71] DEBUG - new node:  status_code: 200, url : http://news.ruc.edu.cn/archives/category/important_news/students , title: 学生 - 中国人民大学新闻网 | NEWS of RUC
2019-03-20 19:16:10,233 Creat Tree processID:1280 threadID:9240 MainThread log_conf.py [line:71] DEBUG - ('Invalid URL: ', 'http://news.ruc.edu.cn/wp-content/themes/rucnews/css/mobile.css')
2019-03-20 19:16:10,249 Driver processID:1280 threadID:9240 MainThread log_conf.py [line:71] DEBUG - ('get url: ', 'http://news.ruc.edu.cn/archives/category/important_news/scholars')
2019-03-20 19:16:12,006 Creat Tree processID:1280 threadID:9240 MainThread log_conf.py [line:71] DEBUG - new node:  status_code: 200, url : http://news.ruc.edu.cn/archives/category/important_news/scholars , title: 学者 - 中国人民大学新闻网 | NEWS of RUC
2019-03-20 19:16:12,037 Driver processID:1280 threadID:9240 MainThread log_conf.py [line:71] DEBUG - ('get url: ', 'http://news.ruc.edu.cn/archives/category/special_news')
2019-03-20 19:16:14,470 Creat Tree processID:1280 threadID:9240 MainThread log_conf.py [line:71] DEBUG - new node:  status_code: 200, url : http://news.ruc.edu.cn/archives/category/special_news , title: 专题新闻 - 中国人民大学新闻网 | NEWS of RUC
2019-03-20 19:16:14,502 Driver processID:1280 threadID:9240 MainThread log_conf.py [line:71] DEBUG - ('get url: ', 'http://news.ruc.edu.cn/wp-includes/wlwmanifest.xml')
2019-03-20 19:16:14,705 Creat Tree processID:1280 threadID:9240 MainThread log_conf.py [line:71] DEBUG - new node:  status_code: 200, url : http://news.ruc.edu.cn/wp-includes/wlwmanifest.xml , title: 
2019-03-20 19:16:14,721 Driver processID:1280 threadID:9240 MainThread log_conf.py [line:71] DEBUG - ('get url: ', 'http://news.ruc.edu.cn/archives/category/important_news')
2019-03-20 19:16:17,067 Creat Tree processID:1280 threadID:9240 MainThread log_conf.py [line:71] DEBUG - new node:  status_code: 200, url : http://news.ruc.edu.cn/archives/category/important_news , title: 人大要闻 - 中国人民大学新闻网 | NEWS of RUC
2019-03-20 19:16:17,113 Driver processID:1280 threadID:9240 MainThread log_conf.py [line:71] DEBUG - ('get url: ', 'http://news.ruc.edu.cn/archives/category/camp_news/institute_news')
2019-03-20 19:16:19,449 Creat Tree processID:1280 threadID:9240 MainThread log_conf.py [line:71] DEBUG - new node:  status_code: 200, url : http://news.ruc.edu.cn/archives/category/camp_news/institute_news , title: 院系速递 - 中国人民大学新闻网 | NEWS of RUC
2019-03-20 19:16:19,480 Driver processID:1280 threadID:9240 MainThread log_conf.py [line:71] DEBUG - ('get url: ', 'http://news.ruc.edu.cn/?p=225411')
2019-03-20 19:16:20,273 Creat Tree processID:1280 threadID:9240 MainThread log_conf.py [line:71] DEBUG - ('Have visited: ', 'http://news.ruc.edu.cn/archives/225411')
2019-03-20 19:16:20,279 Creat Tree processID:1280 threadID:9240 MainThread log_conf.py [line:71] DEBUG - ('Invalid URL: ', 'http://news.ruc.edu.cn/wp-content/themes/rucnews/images/ruc.ico')
2019-03-20 19:16:20,285 Driver processID:1280 threadID:9240 MainThread log_conf.py [line:71] DEBUG - ('get url: ', 'http://news.ruc.edu.cn/archives/category/important_news/affairs')
2019-03-20 19:16:22,190 Creat Tree processID:1280 threadID:9240 MainThread log_conf.py [line:71] DEBUG - new node:  status_code: 200, url : http://news.ruc.edu.cn/archives/category/important_news/affairs , title: 校务 - 中国人民大学新闻网 | NEWS of RUC
2019-03-20 19:16:22,235 Driver processID:1280 threadID:9240 MainThread log_conf.py [line:71] DEBUG - ('get url: ', 'http://news.ruc.edu.cn/archives/235409')
2019-03-20 19:16:23,151 Creat Tree processID:1280 threadID:9240 MainThread log_conf.py [line:71] DEBUG - new node:  status_code: 200, url : http://news.ruc.edu.cn/archives/235409 , title: 第27届万寿论坛在中国人民大学举行 - 中国人民大学新闻网 | NEWS of RUC
2019-03-20 19:16:23,182 Driver processID:1280 threadID:9240 MainThread log_conf.py [line:71] DEBUG - ('get url: ', 'http://news.ruc.edu.cn/archives/category/important_news/academic')
2019-03-20 19:16:25,562 Creat Tree processID:1280 threadID:9240 MainThread log_conf.py [line:71] DEBUG - new node:  status_code: 200, url : http://news.ruc.edu.cn/archives/category/important_news/academic , title: 学术 - 中国人民大学新闻网 | NEWS of RUC
2019-03-20 19:16:25,609 Driver processID:1280 threadID:9240 MainThread log_conf.py [line:71] DEBUG - ('get url: ', 'http://s.w.org/')
2019-03-20 19:16:30,883 Creat Tree processID:1280 threadID:9240 MainThread log_conf.py [line:71] DEBUG - ("It's not an internal school page: ", 'https://wordpress.org/')
2019-03-20 19:16:30,898 Driver processID:1280 threadID:9240 MainThread log_conf.py [line:71] DEBUG - ('get url: ', 'http://news.ruc.edu.cn/wp-json/oembed/1.0/embed?url=http%3A%2F%2Fnews.ruc.edu.cn%2Farchives%2F225411&format=xml')
2019-03-20 19:16:31,597 Creat Tree processID:1280 threadID:9240 MainThread log_conf.py [line:71] DEBUG - new node:  status_code: 200, url : http://news.ruc.edu.cn/wp-json/oembed/1.0/embed?url=http%3A%2F%2Fnews.ruc.edu.cn%2Farchives%2F225411&format=xml , title: 
2019-03-20 19:16:31,628 Driver processID:1280 threadID:9240 MainThread log_conf.py [line:71] DEBUG - ('get url: ', 'http://news.ruc.edu.cn/archives/category/people')
2019-03-20 19:16:33,587 Creat Tree processID:1280 threadID:9240 MainThread log_conf.py [line:71] DEBUG - new node:  status_code: 200, url : http://news.ruc.edu.cn/archives/category/people , title: 人大之子 - 中国人民大学新闻网 | NEWS of RUC
2019-03-20 19:16:33,602 Creat Tree processID:1280 threadID:9240 MainThread log_conf.py [line:71] DEBUG - ('Invalid URL: ', 'http://news.ruc.edu.cn/wp-content/themes/rucnews/style.css?v=1')
2019-03-20 19:16:33,602 Driver processID:1280 threadID:9240 MainThread log_conf.py [line:71] DEBUG - ('get url: ', 'http://news.ruc.edu.cn/archives/225445')
2019-03-20 19:16:34,511 Creat Tree processID:1280 threadID:9240 MainThread log_conf.py [line:71] DEBUG - new node:  status_code: 200, url : http://news.ruc.edu.cn/archives/225445 , title: 中国人民大学部署教授一级岗位聘用及人才相关工作 - 中国人民大学新闻网 | NEWS of RUC
2019-03-20 19:16:34,527 Driver processID:1280 threadID:9240 MainThread log_conf.py [line:71] DEBUG - ('get url: ', 'http://portal.ruc.edu.cn/')
2019-03-20 19:16:35,468 Creat Tree processID:1280 threadID:9240 MainThread log_conf.py [line:71] DEBUG - ('Unreachable url: %s, status_code: %s', ('http://portal.ruc.edu.cn/', '503'))
2019-03-20 19:16:35,468 Driver processID:1280 threadID:9240 MainThread log_conf.py [line:71] DEBUG - ('get url: ', 'http://news.ruc.edu.cn/archives/category/media')
2019-03-20 19:16:37,353 Creat Tree processID:1280 threadID:9240 MainThread log_conf.py [line:71] DEBUG - new node:  status_code: 200, url : http://news.ruc.edu.cn/archives/category/media , title: 人大影像 - 中国人民大学新闻网 | NEWS of RUC
2019-03-20 19:16:37,373 Driver processID:1280 threadID:9240 MainThread log_conf.py [line:71] DEBUG - ('get url: ', 'http://news.ruc.edu.cn/archives/category/camp_news/department_news')
2019-03-20 19:16:38,839 Creat Tree processID:1280 threadID:9240 MainThread log_conf.py [line:71] DEBUG - new node:  status_code: 200, url : http://news.ruc.edu.cn/archives/category/camp_news/department_news , title: 部处要闻 - 中国人民大学新闻网 | NEWS of RUC
2019-03-20 19:16:38,871 Driver processID:1280 threadID:9240 MainThread log_conf.py [line:71] DEBUG - ('get url: ', 'http://www.jiathis.com/share')
2019-03-20 19:16:39,445 Creat Tree processID:1280 threadID:9240 MainThread log_conf.py [line:71] DEBUG - ('Unreachable url: %s, status_code: %s', ('http://www.jiathis.com/share', '404'))
2019-03-20 19:16:39,461 Driver processID:1280 threadID:9240 MainThread log_conf.py [line:71] DEBUG - ('get url: ', 'http://news.ruc.edu.cn/archives/category/camp_news')
2019-03-20 19:16:42,144 Creat Tree processID:1280 threadID:9240 MainThread log_conf.py [line:71] DEBUG - new node:  status_code: 200, url : http://news.ruc.edu.cn/archives/category/camp_news , title: 校园时讯 - 中国人民大学新闻网 | NEWS of RUC
2019-03-20 19:16:42,191 Driver processID:1280 threadID:9240 MainThread log_conf.py [line:71] DEBUG - ('get url: ', 'http://news.ruc.edu.cn/archives/225418')
2019-03-20 19:16:43,210 Creat Tree processID:1280 threadID:9240 MainThread log_conf.py [line:71] DEBUG - new node:  status_code: 200, url : http://news.ruc.edu.cn/archives/225418 , title: 靳诺书记率团访问墨西哥、哥斯达黎加和巴拿马 与拉美地区高校友好交流 - 中国人民大学新闻网 | NEWS of RUC
2019-03-20 19:16:43,241 Driver processID:1280 threadID:9240 MainThread log_conf.py [line:71] DEBUG - ('get url: ', 'http://news.ruc.edu.cn/archives/235855')
2019-03-20 19:16:44,173 Creat Tree processID:1280 threadID:9240 MainThread log_conf.py [line:71] DEBUG - new node:  status_code: 200, url : http://news.ruc.edu.cn/archives/235855 , title: 北京市委教育工委来校督导检查安全稳定工作 - 中国人民大学新闻网 | NEWS of RUC
2019-03-20 19:16:44,189 Creat Tree processID:1280 threadID:9240 MainThread log_conf.py [line:71] DEBUG - ('Invalid URL: ', 'http://news.ruc.edu.cn/wp-content/themes/rucnews/style-special.css')
2019-03-20 19:16:44,205 Driver processID:1280 threadID:9240 MainThread log_conf.py [line:71] DEBUG - ('get url: ', 'http://news.ruc.edu.cn/archives/category/camp_news/view')
2019-03-20 19:16:45,959 Creat Tree processID:1280 threadID:9240 MainThread log_conf.py [line:71] DEBUG - new node:  status_code: 200, url : http://news.ruc.edu.cn/archives/category/camp_news/view , title: 人大广角 - 中国人民大学新闻网 | NEWS of RUC
2019-03-20 19:16:45,959 Driver processID:1280 threadID:9240 MainThread log_conf.py [line:71] DEBUG - ('get url: ', 'http://news.ruc.edu.cn/archives/225411#')
2019-03-20 19:16:46,933 Creat Tree processID:1280 threadID:9240 MainThread log_conf.py [line:71] DEBUG - new node:  status_code: 200, url : http://news.ruc.edu.cn/archives/225411# , title: 中国人民大学名誉博士、巴拿马总统巴雷拉会见靳诺书记一行 - 中国人民大学新闻网 | NEWS of RUC
2019-03-20 19:16:46,964 Creat Tree processID:1280 threadID:9240 MainThread log_conf.py [line:71] DEBUG - ('Invalid URL: ', 'http://news.ruc.edu.cn/wp-content/themes/rucnews/css/jquery.fancybox.css')
2019-03-20 19:16:46,980 Creat Tree processID:1280 threadID:9240 MainThread log_conf.py [line:71] DEBUG - ('Invalid URL: ', 'mailto:news@ruc.edu.cn')
2019-03-20 19:16:46,980 Driver processID:1280 threadID:9240 MainThread log_conf.py [line:71] DEBUG - ('get url: ', 'http://news.ruc.edu.cn/wp-json/oembed/1.0/embed?url=http%3A%2F%2Fnews.ruc.edu.cn%2Farchives%2F225411')
2019-03-20 19:16:47,551 Creat Tree processID:1280 threadID:9240 MainThread log_conf.py [line:71] DEBUG - new node:  status_code: 200, url : http://news.ruc.edu.cn/wp-json/oembed/1.0/embed?url=http%3A%2F%2Fnews.ruc.edu.cn%2Farchives%2F225411 , title: 
2019-03-20 19:16:47,583 Driver processID:1280 threadID:9240 MainThread log_conf.py [line:71] DEBUG - ('get url: ', 'http://news.ruc.edu.cn/archives/category/important_news/campus')
2019-03-20 19:16:48,934 Creat Tree processID:1280 threadID:9240 MainThread log_conf.py [line:71] DEBUG - new node:  status_code: 200, url : http://news.ruc.edu.cn/archives/category/important_news/campus , title: 校园 - 中国人民大学新闻网 | NEWS of RUC
2019-03-20 19:16:48,950 Driver processID:1280 threadID:9240 MainThread log_conf.py [line:71] DEBUG - ('get url: ', 'http://tongji.baidu.com/hm-web/welcome/ico?s=425a64adbce31c8ac15a54c129898849')
2019-03-20 19:16:52,928 Creat Tree processID:1280 threadID:9240 MainThread log_conf.py [line:71] DEBUG - ("It's not an internal school page: ", 'https://tongji.baidu.com/web/welcome/login')
2019-03-20 19:16:52,928 Driver processID:1280 threadID:9240 MainThread log_conf.py [line:71] DEBUG - ('get url: ', 'http://news.ruc.edu.cn/wp-json/')
2019-03-20 19:16:53,738 Creat Tree processID:1280 threadID:9240 MainThread log_conf.py [line:71] DEBUG - new node:  status_code: 200, url : http://news.ruc.edu.cn/wp-json/ , title: 
2019-03-20 19:16:53,801 Driver processID:1280 threadID:9240 MainThread log_conf.py [line:71] DEBUG - ('get url: ', 'http://www.ruc.edu.cn/')
2019-03-20 19:16:54,129 Creat Tree processID:1280 threadID:9240 MainThread log_conf.py [line:71] DEBUG - ('Have visited: ', 'https://www.ruc.edu.cn/')
2019-03-20 19:16:54,135 Driver processID:1280 threadID:9240 MainThread log_conf.py [line:71] DEBUG - ('get url: ', 'http://news.ruc.edu.cn/archives/category/media_news')
2019-03-20 19:16:57,284 Creat Tree processID:1280 threadID:9240 MainThread log_conf.py [line:71] DEBUG - new node:  status_code: 200, url : http://news.ruc.edu.cn/archives/category/media_news , title: 媒体人大 - 中国人民大学新闻网 | NEWS of RUC
2019-03-20 19:16:57,316 Driver processID:1280 threadID:9240 MainThread log_conf.py [line:71] DEBUG - ('get url: ', 'http://news.ruc.edu.cn/archives/234693')
2019-03-20 19:16:58,247 Creat Tree processID:1280 threadID:9240 MainThread log_conf.py [line:71] DEBUG - new node:  status_code: 200, url : http://news.ruc.edu.cn/archives/234693 , title: 中国人民大学与黑龙江省人民政府签署战略合作框架协议 - 中国人民大学新闻网 | NEWS of RUC
2019-03-20 19:16:58,294 Creat Tree processID:1280 threadID:9240 MainThread log_conf.py [line:71] DEBUG - ('Invalid URL: ', 'http://news.ruc.edu.cn/wp-content/themes/rucnews/css/slide-special.css')
2019-03-20 19:16:58,309 Driver processID:1280 threadID:9240 MainThread log_conf.py [line:71] DEBUG - ('get url: ', 'http://news.ruc.edu.cn/xmlrpc.php?rsd')
2019-03-20 19:16:58,862 Creat Tree processID:1280 threadID:9240 MainThread log_conf.py [line:71] DEBUG - new node:  status_code: 200, url : http://news.ruc.edu.cn/xmlrpc.php?rsd , title: 
2019-03-20 19:16:58,893 Driver processID:1280 threadID:9240 MainThread log_conf.py [line:71] DEBUG - ('get url: ', 'http://ctd.ruc.edu.cn/web/index.php')
2019-03-20 19:17:04,434 Driver processID:1280 threadID:9240 MainThread log_conf.py [line:71] DEBUG - ('get url: ', 'http://ctd.ruc.edu.cn/web/detailnews.php?id=406&code=11')
2019-03-20 19:17:04,896 Creat Tree processID:1280 threadID:9240 MainThread log_conf.py [line:71] DEBUG - new node:  status_code: 200, url : http://ctd.ruc.edu.cn/web/detailnews.php?id=406&code=11 , title: 中国人民大学2018-2019秋季教学发展工作坊成功举办-新闻-首页新闻、公告管理 - 教师教学发展中心
2019-03-20 19:17:04,910 Driver processID:1280 threadID:9240 MainThread log_conf.py [line:71] DEBUG - ('get url: ', 'http://ctd.ruc.edu.cn/web/detailnotice.php?id=520&code=6')
2019-03-20 19:17:05,220 Creat Tree processID:1280 threadID:9240 MainThread log_conf.py [line:71] DEBUG - new node:  status_code: 200, url : http://ctd.ruc.edu.cn/web/detailnotice.php?id=520&code=6 , title: 关于2017-2018学年秋季学期“名师沙龙”选学申报的通知-公告-名师沙龙建设 - 教师教学发展中心
2019-03-20 19:17:05,232 Creat Tree processID:1280 threadID:9240 MainThread log_conf.py [line:71] DEBUG - ('Invalid URL: ', 'http://ctd.ruc.edu.cn/web/js/layer/skin/layer.css')
2019-03-20 19:17:05,238 Driver processID:1280 threadID:9240 MainThread log_conf.py [line:71] DEBUG - ('get url: ', 'http://ctd.ruc.edu.cn/web/centerintro.php')
2019-03-20 19:17:05,470 Creat Tree processID:1280 threadID:9240 MainThread log_conf.py [line:71] DEBUG - new node:  status_code: 200, url : http://ctd.ruc.edu.cn/web/centerintro.php , title: 中心简介 - 了解中心 - 中国人民大学教师教学发展中心
2019-03-20 19:17:05,483 Driver processID:1280 threadID:9240 MainThread log_conf.py [line:71] DEBUG - ('get url: ', 'http://ctd.ruc.edu.cn/web/contactus.php')
2019-03-20 19:17:06,163 Creat Tree processID:1280 threadID:9240 MainThread log_conf.py [line:71] DEBUG - new node:  status_code: 200, url : http://ctd.ruc.edu.cn/web/contactus.php , title: 联系我们 - 了解中心 - 中国人民大学教师教学发展中心
2019-03-20 19:17:06,178 Driver processID:1280 threadID:9240 MainThread log_conf.py [line:71] DEBUG - ('get url: ', 'http://ctd.ruc.edu.cn/web/detailnews.php?id=403&code=11')
2019-03-20 19:17:06,394 Creat Tree processID:1280 threadID:9240 MainThread log_conf.py [line:71] DEBUG - new node:  status_code: 200, url : http://ctd.ruc.edu.cn/web/detailnews.php?id=403&code=11 , title: 2018人大新教师教学提升培训首讲成功举办： 新入职教师共话教师教学发展-新闻-首页新闻、公告管理 - 教师教学发展中心
2019-03-20 19:17:06,406 Driver processID:1280 threadID:9240 MainThread log_conf.py [line:71] DEBUG - ('get url: ', 'http://ctd.ruc.edu.cn/web/index.php#')
2019-03-20 19:17:06,659 Creat Tree processID:1280 threadID:9240 MainThread log_conf.py [line:71] DEBUG - new node:  status_code: 200, url : http://ctd.ruc.edu.cn/web/index.php# , title: 中国人民大学教师教学发展中心
2019-03-20 19:17:06,675 Driver processID:1280 threadID:9240 MainThread log_conf.py [line:71] DEBUG - ('get url: ', 'http://ctd.ruc.edu.cn/web/detailnews.php?id=400&code=11')
2019-03-20 19:17:06,892 Creat Tree processID:1280 threadID:9240 MainThread log_conf.py [line:71] DEBUG - new node:  status_code: 200, url : http://ctd.ruc.edu.cn/web/detailnews.php?id=400&code=11 , title: 2017年春季学期3门“名师沙龙”课程顺利开设-新闻-首页新闻、公告管理 - 教师教学发展中心
2019-03-20 19:17:06,908 Driver processID:1280 threadID:9240 MainThread log_conf.py [line:71] DEBUG - ('get url: ', 'http://ctd.ruc.edu.cn/web/detailnews.php?id=405&code=11')
2019-03-20 19:17:07,142 Creat Tree processID:1280 threadID:9240 MainThread log_conf.py [line:71] DEBUG - new node:  status_code: 200, url : http://ctd.ruc.edu.cn/web/detailnews.php?id=405&code=11 , title: 中心举办教师教学发展沙龙：探讨教学案例的开发与应用-新闻-首页新闻、公告管理 - 教师教学发展中心
2019-03-20 19:17:07,165 Driver processID:1280 threadID:9240 MainThread log_conf.py [line:71] DEBUG - ('get url: ', 'http://ctd.ruc.edu.cn/web/register.php')
2019-03-20 19:17:07,349 Creat Tree processID:1280 threadID:9240 MainThread log_conf.py [line:71] DEBUG - new node:  status_code: 200, url : http://ctd.ruc.edu.cn/web/register.php , title: 注册 - 教师教学发展中心
2019-03-20 19:17:07,349 Driver processID:1280 threadID:9240 MainThread log_conf.py [line:71] DEBUG - ('get url: ', 'http://ctd.ruc.edu.cn/web/teachertrainingdetail.php?id=63&type=1')
2019-03-20 19:17:07,600 Creat Tree processID:1280 threadID:9240 MainThread log_conf.py [line:71] DEBUG - new node:  status_code: 200, url : http://ctd.ruc.edu.cn/web/teachertrainingdetail.php?id=63&type=1 , title: 2018人大新教师教学提升培训之教师教学素养提升-新教师培训（教学准入制度）- 教学发展 - 教师教学发展中心
2019-03-20 19:17:07,616 Driver processID:1280 threadID:9240 MainThread log_conf.py [line:71] DEBUG - ('get url: ', 'http://jiaowu.ruc.edu.cn/')
2019-03-20 19:17:29,164 Creat Tree processID:1280 threadID:9240 MainThread log_conf.py [line:71] DEBUG - new node:  status_code: 200, url : http://jiaowu.ruc.edu.cn/ , title: 中国人民大学教务处
2019-03-20 19:17:29,189 Driver processID:1280 threadID:9240 MainThread log_conf.py [line:71] DEBUG - ('get url: ', 'http://ctd.ruc.edu.cn/web/login.php')
2019-03-20 19:17:29,454 Creat Tree processID:1280 threadID:9240 MainThread log_conf.py [line:71] DEBUG - new node:  status_code: 200, url : http://ctd.ruc.edu.cn/web/login.php , title: 登录 - 教师教学发展中心
2019-03-20 19:17:29,454 Driver processID:1280 threadID:9240 MainThread log_conf.py [line:71] DEBUG - ('get url: ', 'http://ctd.ruc.edu.cn/web/detailnews.php?id=389&code=3')
2019-03-20 19:17:29,761 Creat Tree processID:1280 threadID:9240 MainThread log_conf.py [line:71] DEBUG - new node:  status_code: 200, url : http://ctd.ruc.edu.cn/web/detailnews.php?id=389&code=3 , title: 教师教学发展中心举办案例教学研习营 共商国际反腐的学科建设与人才培养-新闻-研习营 - 教师教学发展中心
2019-03-20 19:17:29,761 Driver processID:1280 threadID:9240 MainThread log_conf.py [line:71] DEBUG - ('get url: ', 'http://ctd.ruc.edu.cn/web/detailnews.php?id=402&code=7')
2019-03-20 19:17:29,980 Creat Tree processID:1280 threadID:9240 MainThread log_conf.py [line:71] DEBUG - new node:  status_code: 200, url : http://ctd.ruc.edu.cn/web/detailnews.php?id=402&code=7 , title: 师者丨田宏杰：由APP 引发的多重犯罪问题研究-新闻-前沿咨讯 - 教师教学发展中心
2019-03-20 19:17:30,007 Driver processID:1280 threadID:9240 MainThread log_conf.py [line:71] DEBUG - ('get url: ', 'http://ctd.ruc.edu.cn/web/detailnotice.php?id=522&code=11')
2019-03-20 19:17:30,232 Creat Tree processID:1280 threadID:9240 MainThread log_conf.py [line:71] DEBUG - new node:  status_code: 200, url : http://ctd.ruc.edu.cn/web/detailnotice.php?id=522&code=11 , title: 关于2017-2018学年春季学期“名师沙龙”选学申报的通知-公告-首页新闻、公告管理 - 教师教学发展中心
2019-03-20 19:17:30,244 Driver processID:1280 threadID:9240 MainThread log_conf.py [line:71] DEBUG - ('get url: ', 'http://ctd.ruc.edu.cn/web/informationteach_list.php?type=1')
2019-03-20 19:17:30,471 Creat Tree processID:1280 threadID:9240 MainThread log_conf.py [line:71] DEBUG - new node:  status_code: 200, url : http://ctd.ruc.edu.cn/web/informationteach_list.php?type=1 , title: 慕课建设 - 信息化教学 - 中国人民大学教师教学发展中心
2019-03-20 19:17:30,484 Driver processID:1280 threadID:9240 MainThread log_conf.py [line:71] DEBUG - ('get url: ', 'http://ctd.ruc.edu.cn/web/detailnotice.php?id=519&code=11')
2019-03-20 19:17:30,745 Creat Tree processID:1280 threadID:9240 MainThread log_conf.py [line:71] DEBUG - new node:  status_code: 200, url : http://ctd.ruc.edu.cn/web/detailnotice.php?id=519&code=11 , title: 关于开展2016年度中国人民大学“新生研讨课优秀主讲教师”评选工作的通知-公告-首页新闻、公告管理 - 教师教学发展中心
2019-03-20 19:17:30,776 Driver processID:1280 threadID:9240 MainThread log_conf.py [line:71] DEBUG - ('get url: ', 'http://www.livedu.com.cn/')
